  Enemy.cpp
C:\Users\fangi\Documents\GitHub\GAME3015\A1\Solution\InitializeDirect3D\Game.hpp(89,8): error C3646: 'mWorld': unknown override specifier
  (compiling source file 'Enemy.cpp')
  
C:\Users\fangi\Documents\GitHub\GAME3015\A1\Solution\InitializeDirect3D\Game.hpp(89,2): error C4430: missing type specifier - int assumed. Note: C++ does not support default-int
  (compiling source file 'Enemy.cpp')
  
C:\Users\fangi\Documents\GitHub\GAME3015\A1\Solution\InitializeDirect3D\Game.hpp(3,7): error C2011: 'Game': 'class' type redefinition
  (compiling source file 'Enemy.cpp')
      C:\Users\fangi\Documents\GitHub\GAME3015\A1\Solution\InitializeDirect3D\Game.hpp(3,7):
      see declaration of 'Game'
  
C:\Users\fangi\Documents\GitHub\GAME3015\A1\Solution\InitializeDirect3D\Enemy.cpp(18,25): error C2027: use of undefined type 'Game'
      C:\Users\fangi\Documents\GitHub\GAME3015\A1\Solution\InitializeDirect3D\Game.hpp(3,7):
      see declaration of 'Game'
  
C:\Users\fangi\Documents\GitHub\GAME3015\A1\Solution\InitializeDirect3D\Enemy.cpp(19,18): error C2027: use of undefined type 'Game'
      C:\Users\fangi\Documents\GitHub\GAME3015\A1\Solution\InitializeDirect3D\Game.hpp(3,7):
      see declaration of 'Game'
  
C:\Users\fangi\Documents\GitHub\GAME3015\A1\Solution\InitializeDirect3D\Enemy.cpp(20,18): error C2027: use of undefined type 'Game'
      C:\Users\fangi\Documents\GitHub\GAME3015\A1\Solution\InitializeDirect3D\Game.hpp(3,7):
      see declaration of 'Game'
  
C:\Users\fangi\Documents\GitHub\GAME3015\A1\Solution\InitializeDirect3D\Enemy.cpp(26,2): error C2027: use of undefined type 'Game'
      C:\Users\fangi\Documents\GitHub\GAME3015\A1\Solution\InitializeDirect3D\Game.hpp(3,7):
      see declaration of 'Game'
  
  Entity.cpp
C:\Users\fangi\Documents\GitHub\GAME3015\A1\Solution\InitializeDirect3D\Game.hpp(89,8): error C3646: 'mWorld': unknown override specifier
  (compiling source file 'Entity.cpp')
  
C:\Users\fangi\Documents\GitHub\GAME3015\A1\Solution\InitializeDirect3D\Game.hpp(89,2): error C4430: missing type specifier - int assumed. Note: C++ does not support default-int
  (compiling source file 'Entity.cpp')
  
C:\Users\fangi\Documents\GitHub\GAME3015\A1\Solution\InitializeDirect3D\Game.hpp(3,7): error C2011: 'Game': 'class' type redefinition
  (compiling source file 'Entity.cpp')
      C:\Users\fangi\Documents\GitHub\GAME3015\A1\Solution\InitializeDirect3D\Game.hpp(3,7):
      see declaration of 'Game'
  
  Game.cpp
C:\Users\fangi\Documents\GitHub\GAME3015\A1\Solution\InitializeDirect3D\Game.hpp(89,8): error C3646: 'mWorld': unknown override specifier
  (compiling source file 'Game.cpp')
  
C:\Users\fangi\Documents\GitHub\GAME3015\A1\Solution\InitializeDirect3D\Game.hpp(89,2): error C4430: missing type specifier - int assumed. Note: C++ does not support default-int
  (compiling source file 'Game.cpp')
  
C:\Users\fangi\Documents\GitHub\GAME3015\A1\Solution\InitializeDirect3D\Game.hpp(3,7): error C2011: 'Game': 'class' type redefinition
  (compiling source file 'Game.cpp')
      C:\Users\fangi\Documents\GitHub\GAME3015\A1\Solution\InitializeDirect3D\Game.hpp(3,7):
      see declaration of 'Game'
  
C:\Users\fangi\Documents\GitHub\GAME3015\A1\Solution\InitializeDirect3D\Game.cpp(5,7): error C2027: use of undefined type 'Game'
      C:\Users\fangi\Documents\GitHub\GAME3015\A1\Solution\InitializeDirect3D\Game.hpp(3,7):
      see declaration of 'Game'
  
C:\Users\fangi\Documents\GitHub\GAME3015\A1\Solution\InitializeDirect3D\Game.cpp(5,7): error C4430: missing type specifier - int assumed. Note: C++ does not support default-int
C:\Users\fangi\Documents\GitHub\GAME3015\A1\Solution\InitializeDirect3D\Game.cpp(7,11): error C2355: 'this': can only be referenced inside non-static member functions or non-static data member initializers
C:\Users\fangi\Documents\GitHub\GAME3015\A1\Solution\InitializeDirect3D\Game.cpp(8,1): error C2550: '{ctor}': constructor initializer lists are only allowed on constructor definitions
C:\Users\fangi\Documents\GitHub\GAME3015\A1\Solution\InitializeDirect3D\Game.cpp(9,1): warning C4508: '{ctor}': function should return a value; 'void' return type assumed
C:\Users\fangi\Documents\GitHub\GAME3015\A1\Solution\InitializeDirect3D\Game.cpp(11,8): error C2027: use of undefined type 'Game'
      C:\Users\fangi\Documents\GitHub\GAME3015\A1\Solution\InitializeDirect3D\Game.hpp(3,7):
      see declaration of 'Game'
  
C:\Users\fangi\Documents\GitHub\GAME3015\A1\Solution\InitializeDirect3D\Game.cpp(11,8): error C4430: missing type specifier - int assumed. Note: C++ does not support default-int
C:\Users\fangi\Documents\GitHub\GAME3015\A1\Solution\InitializeDirect3D\Game.cpp(13,6): error C2065: 'md3dDevice': undeclared identifier
C:\Users\fangi\Documents\GitHub\GAME3015\A1\Solution\InitializeDirect3D\Game.cpp(14,3): error C3861: 'FlushCommandQueue': identifier not found
C:\Users\fangi\Documents\GitHub\GAME3015\A1\Solution\InitializeDirect3D\Game.cpp(15,1): warning C4508: '{dtor}': function should return a value; 'void' return type assumed
C:\Users\fangi\Documents\GitHub\GAME3015\A1\Solution\InitializeDirect3D\Game.cpp(17,12): error C2027: use of undefined type 'Game'
      C:\Users\fangi\Documents\GitHub\GAME3015\A1\Solution\InitializeDirect3D\Game.hpp(3,7):
      see declaration of 'Game'
  
C:\Users\fangi\Documents\GitHub\GAME3015\A1\Solution\InitializeDirect3D\Game.cpp(19,15): error C2352: 'D3DApp::Initialize': a call of a non-static member function requires an object
      C:\Users\fangi\Documents\GitHub\GAME3015\A1\Common\d3dApp.h(40,18):
      see declaration of 'D3DApp::Initialize'
  
C:\Users\fangi\Documents\GitHub\GAME3015\A1\Solution\InitializeDirect3D\Game.cpp(23,2): error C2065: 'mCamera': undeclared identifier
C:\Users\fangi\Documents\GitHub\GAME3015\A1\Solution\InitializeDirect3D\Game.cpp(24,2): error C2065: 'mCamera': undeclared identifier
C:\Users\fangi\Documents\GitHub\GAME3015\A1\Solution\InitializeDirect3D\Game.cpp(27,2): error C2065: 'mCommandList': undeclared identifier
C:\Users\fangi\Documents\GitHub\GAME3015\A1\Solution\InitializeDirect3D\Game.cpp(27,2): error C2065: 'mDirectCmdListAlloc': undeclared identifier
C:\Users\fangi\Documents\GitHub\GAME3015\A1\Solution\InitializeDirect3D\Game.cpp(31,2): error C2065: 'mCbvSrvDescriptorSize': undeclared identifier
C:\Users\fangi\Documents\GitHub\GAME3015\A1\Solution\InitializeDirect3D\Game.cpp(31,26): error C2065: 'md3dDevice': undeclared identifier
C:\Users\fangi\Documents\GitHub\GAME3015\A1\Solution\InitializeDirect3D\Game.cpp(33,2): error C3861: 'LoadTextures': identifier not found
C:\Users\fangi\Documents\GitHub\GAME3015\A1\Solution\InitializeDirect3D\Game.cpp(34,2): error C3861: 'BuildRootSignature': identifier not found
C:\Users\fangi\Documents\GitHub\GAME3015\A1\Solution\InitializeDirect3D\Game.cpp(35,2): error C3861: 'BuildDescriptorHeaps': identifier not found
C:\Users\fangi\Documents\GitHub\GAME3015\A1\Solution\InitializeDirect3D\Game.cpp(36,2): error C3861: 'BuildShadersAndInputLayout': identifier not found
C:\Users\fangi\Documents\GitHub\GAME3015\A1\Solution\InitializeDirect3D\Game.cpp(37,2): error C3861: 'BuildShapeGeometry': identifier not found
C:\Users\fangi\Documents\GitHub\GAME3015\A1\Solution\InitializeDirect3D\Game.cpp(38,2): error C3861: 'BuildMaterials': identifier not found
C:\Users\fangi\Documents\GitHub\GAME3015\A1\Solution\InitializeDirect3D\Game.cpp(39,2): error C3861: 'BuildRenderItems': identifier not found
C:\Users\fangi\Documents\GitHub\GAME3015\A1\Solution\InitializeDirect3D\Game.cpp(40,2): error C3861: 'BuildFrameResources': identifier not found
C:\Users\fangi\Documents\GitHub\GAME3015\A1\Solution\InitializeDirect3D\Game.cpp(41,2): error C3861: 'BuildPSOs': identifier not found
C:\Users\fangi\Documents\GitHub\GAME3015\A1\Solution\InitializeDirect3D\Game.cpp(44,2): error C2065: 'mCommandList': undeclared identifier
C:\Users\fangi\Documents\GitHub\GAME3015\A1\Solution\InitializeDirect3D\Game.cpp(45,37): error C2065: 'mCommandList': undeclared identifier
C:\Users\fangi\Documents\GitHub\GAME3015\A1\Solution\InitializeDirect3D\Game.cpp(46,2): error C2065: 'mCommandQueue': undeclared identifier
C:\Users\fangi\Documents\GitHub\GAME3015\A1\Solution\InitializeDirect3D\Game.cpp(46,37): error C2672: '__countof_helper': no matching overloaded function found
      C:\Program Files\Microsoft Visual Studio\2022\Community\VC\Tools\MSVC\14.44.35207\include\vcruntime.h(248,16):
      could be 'char (*__countof_helper(__unaligned _CountofType (&)[_SizeOfArray]))[_SizeOfArray]'
          C:\Users\fangi\Documents\GitHub\GAME3015\A1\Solution\InitializeDirect3D\Game.cpp(46,37):
          Failed to specialize function template 'char (*__countof_helper(__unaligned _CountofType (&)[_SizeOfArray]))[_SizeOfArray]'
              C:\Users\fangi\Documents\GitHub\GAME3015\A1\Solution\InitializeDirect3D\Game.cpp(46,37):
              With the following template arguments:
                  C:\Users\fangi\Documents\GitHub\GAME3015\A1\Solution\InitializeDirect3D\Game.cpp(46,37):
                  '_CountofType=ID3D12CommandList *'
                  C:\Users\fangi\Documents\GitHub\GAME3015\A1\Solution\InitializeDirect3D\Game.cpp(46,37):
                  '_SizeOfArray=0'
              C:\Users\fangi\Documents\GitHub\GAME3015\A1\Solution\InitializeDirect3D\Game.cpp(46,37):
              cannot allocate an array of constant size 0
  
C:\Users\fangi\Documents\GitHub\GAME3015\A1\Solution\InitializeDirect3D\Game.cpp(49,2): error C3861: 'FlushCommandQueue': identifier not found
C:\Users\fangi\Documents\GitHub\GAME3015\A1\Solution\InitializeDirect3D\Game.cpp(54,12): error C2027: use of undefined type 'Game'
      C:\Users\fangi\Documents\GitHub\GAME3015\A1\Solution\InitializeDirect3D\Game.hpp(3,7):
      see declaration of 'Game'
  
C:\Users\fangi\Documents\GitHub\GAME3015\A1\Solution\InitializeDirect3D\Game.cpp(56,10): error C2248: 'D3DApp::OnResize': cannot access protected member declared in class 'D3DApp'
      C:\Users\fangi\Documents\GitHub\GAME3015\A1\Common\d3dApp.h(45,15):
      see declaration of 'D3DApp::OnResize'
      C:\Users\fangi\Documents\GitHub\GAME3015\A1\Common\d3dApp.h(18,7):
      see declaration of 'D3DApp'
  
C:\Users\fangi\Documents\GitHub\GAME3015\A1\Solution\InitializeDirect3D\Game.cpp(56,10): error C2352: 'D3DApp::OnResize': a call of a non-static member function requires an object
      C:\Users\fangi\Documents\GitHub\GAME3015\A1\Common\d3dApp.h(45,15):
      see declaration of 'D3DApp::OnResize'
  
C:\Users\fangi\Documents\GitHub\GAME3015\A1\Solution\InitializeDirect3D\Game.cpp(62,2): error C2065: 'mCamera': undeclared identifier
C:\Users\fangi\Documents\GitHub\GAME3015\A1\Solution\InitializeDirect3D\Game.cpp(62,42): error C3861: 'AspectRatio': identifier not found
C:\Users\fangi\Documents\GitHub\GAME3015\A1\Solution\InitializeDirect3D\Game.cpp(65,12): error C2027: use of undefined type 'Game'
      C:\Users\fangi\Documents\GitHub\GAME3015\A1\Solution\InitializeDirect3D\Game.hpp(3,7):
      see declaration of 'Game'
  
C:\Users\fangi\Documents\GitHub\GAME3015\A1\Solution\InitializeDirect3D\Game.cpp(67,2): error C3861: 'OnKeyboardInput': identifier not found
C:\Users\fangi\Documents\GitHub\GAME3015\A1\Solution\InitializeDirect3D\Game.cpp(68,2): error C2065: 'mWorld': undeclared identifier
C:\Users\fangi\Documents\GitHub\GAME3015\A1\Solution\InitializeDirect3D\Game.cpp(72,2): error C2065: 'mCurrFrameResourceIndex': undeclared identifier
C:\Users\fangi\Documents\GitHub\GAME3015\A1\Solution\InitializeDirect3D\Game.cpp(72,29): error C2065: 'mCurrFrameResourceIndex': undeclared identifier
C:\Users\fangi\Documents\GitHub\GAME3015\A1\Solution\InitializeDirect3D\Game.cpp(73,2): error C2065: 'mCurrFrameResource': undeclared identifier
C:\Users\fangi\Documents\GitHub\GAME3015\A1\Solution\InitializeDirect3D\Game.cpp(73,23): error C2065: 'mFrameResources': undeclared identifier
C:\Users\fangi\Documents\GitHub\GAME3015\A1\Solution\InitializeDirect3D\Game.cpp(73,39): error C2065: 'mCurrFrameResourceIndex': undeclared identifier
C:\Users\fangi\Documents\GitHub\GAME3015\A1\Solution\InitializeDirect3D\Game.cpp(77,6): error C2065: 'mCurrFrameResource': undeclared identifier
C:\Users\fangi\Documents\GitHub\GAME3015\A1\Solution\InitializeDirect3D\Game.cpp(77,40): error C2065: 'mFence': undeclared identifier
C:\Users\fangi\Documents\GitHub\GAME3015\A1\Solution\InitializeDirect3D\Game.cpp(77,70): error C2065: 'mCurrFrameResource': undeclared identifier
C:\Users\fangi\Documents\GitHub\GAME3015\A1\Solution\InitializeDirect3D\Game.cpp(80,3): error C2065: 'mFence': undeclared identifier
C:\Users\fangi\Documents\GitHub\GAME3015\A1\Solution\InitializeDirect3D\Game.cpp(80,3): error C2065: 'mCurrFrameResource': undeclared identifier
C:\Users\fangi\Documents\GitHub\GAME3015\A1\Solution\InitializeDirect3D\Game.cpp(85,2): error C3861: 'AnimateMaterials': identifier not found
C:\Users\fangi\Documents\GitHub\GAME3015\A1\Solution\InitializeDirect3D\Game.cpp(86,2): error C3861: 'UpdateObjectCBs': identifier not found
C:\Users\fangi\Documents\GitHub\GAME3015\A1\Solution\InitializeDirect3D\Game.cpp(87,2): error C3861: 'UpdateMaterialCBs': identifier not found
C:\Users\fangi\Documents\GitHub\GAME3015\A1\Solution\InitializeDirect3D\Game.cpp(88,2): error C3861: 'UpdateMainPassCB': identifier not found
C:\Users\fangi\Documents\GitHub\GAME3015\A1\Solution\InitializeDirect3D\Game.cpp(91,12): error C2027: use of undefined type 'Game'
      C:\Users\fangi\Documents\GitHub\GAME3015\A1\Solution\InitializeDirect3D\Game.hpp(3,7):
      see declaration of 'Game'
  
C:\Users\fangi\Documents\GitHub\GAME3015\A1\Solution\InitializeDirect3D\Game.cpp(93,22): error C2065: 'mCurrFrameResource': undeclared identifier
C:\Users\fangi\Documents\GitHub\GAME3015\A1\Solution\InitializeDirect3D\Game.cpp(97,2): error C3536: 'cmdListAlloc': cannot be used before it is initialized
C:\Users\fangi\Documents\GitHub\GAME3015\A1\Solution\InitializeDirect3D\Game.cpp(101,2): error C2065: 'mCommandList': undeclared identifier
C:\Users\fangi\Documents\GitHub\GAME3015\A1\Solution\InitializeDirect3D\Game.cpp(101,2): error C2065: 'mOpaquePSO': undeclared identifier
C:\Users\fangi\Documents\GitHub\GAME3015\A1\Solution\InitializeDirect3D\Game.cpp(108,2): error C2065: 'mCommandList': undeclared identifier
C:\Users\fangi\Documents\GitHub\GAME3015\A1\Solution\InitializeDirect3D\Game.cpp(108,35): error C2065: 'mScreenViewport': undeclared identifier
C:\Users\fangi\Documents\GitHub\GAME3015\A1\Solution\InitializeDirect3D\Game.cpp(109,2): error C2065: 'mCommandList': undeclared identifier
C:\Users\fangi\Documents\GitHub\GAME3015\A1\Solution\InitializeDirect3D\Game.cpp(109,38): error C2065: 'mScissorRect': undeclared identifier
C:\Users\fangi\Documents\GitHub\GAME3015\A1\Solution\InitializeDirect3D\Game.cpp(112,58): error C3861: 'CurrentBackBuffer': identifier not found
C:\Users\fangi\Documents\GitHub\GAME3015\A1\Solution\InitializeDirect3D\Game.cpp(114,2): error C2065: 'mCommandList': undeclared identifier
C:\Users\fangi\Documents\GitHub\GAME3015\A1\Solution\InitializeDirect3D\Game.cpp(117,2): error C2065: 'mCommandList': undeclared identifier
C:\Users\fangi\Documents\GitHub\GAME3015\A1\Solution\InitializeDirect3D\Game.cpp(117,38): error C3861: 'CurrentBackBufferView': identifier not found
C:\Users\fangi\Documents\GitHub\GAME3015\A1\Solution\InitializeDirect3D\Game.cpp(118,2): error C2065: 'mCommandList': undeclared identifier
C:\Users\fangi\Documents\GitHub\GAME3015\A1\Solution\InitializeDirect3D\Game.cpp(118,38): error C3861: 'DepthStencilView': identifier not found
C:\Users\fangi\Documents\GitHub\GAME3015\A1\Solution\InitializeDirect3D\Game.cpp(121,13): error C3861: 'DepthStencilView': identifier not found
C:\Users\fangi\Documents\GitHub\GAME3015\A1\Solution\InitializeDirect3D\Game.cpp(123,16): error C3861: 'CurrentBackBufferView': identifier not found
C:\Users\fangi\Documents\GitHub\GAME3015\A1\Solution\InitializeDirect3D\Game.cpp(124,2): error C2065: 'mCommandList': undeclared identifier
C:\Users\fangi\Documents\GitHub\GAME3015\A1\Solution\InitializeDirect3D\Game.cpp(126,46): error C2065: 'mSrvDescriptorHeap': undeclared identifier
C:\Users\fangi\Documents\GitHub\GAME3015\A1\Solution\InitializeDirect3D\Game.cpp(127,2): error C2065: 'mCommandList': undeclared identifier
C:\Users\fangi\Documents\GitHub\GAME3015\A1\Solution\InitializeDirect3D\Game.cpp(127,35): error C2672: '__countof_helper': no matching overloaded function found
      C:\Program Files\Microsoft Visual Studio\2022\Community\VC\Tools\MSVC\14.44.35207\include\vcruntime.h(248,16):
      could be 'char (*__countof_helper(__unaligned _CountofType (&)[_SizeOfArray]))[_SizeOfArray]'
          C:\Users\fangi\Documents\GitHub\GAME3015\A1\Solution\InitializeDirect3D\Game.cpp(127,35):
          Failed to specialize function template 'char (*__countof_helper(__unaligned _CountofType (&)[_SizeOfArray]))[_SizeOfArray]'
              C:\Users\fangi\Documents\GitHub\GAME3015\A1\Solution\InitializeDirect3D\Game.cpp(127,35):
              With the following template arguments:
                  C:\Users\fangi\Documents\GitHub\GAME3015\A1\Solution\InitializeDirect3D\Game.cpp(127,35):
                  '_CountofType=ID3D12DescriptorHeap *'
                  C:\Users\fangi\Documents\GitHub\GAME3015\A1\Solution\InitializeDirect3D\Game.cpp(127,35):
                  '_SizeOfArray=0'
              C:\Users\fangi\Documents\GitHub\GAME3015\A1\Solution\InitializeDirect3D\Game.cpp(127,35):
              cannot allocate an array of constant size 0
  
C:\Users\fangi\Documents\GitHub\GAME3015\A1\Solution\InitializeDirect3D\Game.cpp(129,2): error C2065: 'mCommandList': undeclared identifier
C:\Users\fangi\Documents\GitHub\GAME3015\A1\Solution\InitializeDirect3D\Game.cpp(129,41): error C2065: 'mRootSignature': undeclared identifier
C:\Users\fangi\Documents\GitHub\GAME3015\A1\Solution\InitializeDirect3D\Game.cpp(131,16): error C2065: 'mCurrFrameResource': undeclared identifier
C:\Users\fangi\Documents\GitHub\GAME3015\A1\Solution\InitializeDirect3D\Game.cpp(132,2): error C2065: 'mCommandList': undeclared identifier
C:\Users\fangi\Documents\GitHub\GAME3015\A1\Solution\InitializeDirect3D\Game.cpp(132,53): error C3536: 'passCB': cannot be used before it is initialized
C:\Users\fangi\Documents\GitHub\GAME3015\A1\Solution\InitializeDirect3D\Game.cpp(134,2): error C2065: 'mWorld': undeclared identifier
C:\Users\fangi\Documents\GitHub\GAME3015\A1\Solution\InitializeDirect3D\Game.cpp(135,18): error C2065: 'mCommandList': undeclared identifier
C:\Users\fangi\Documents\GitHub\GAME3015\A1\Solution\InitializeDirect3D\Game.cpp(135,38): error C2065: 'mOpaqueRitems': undeclared identifier
C:\Users\fangi\Documents\GitHub\GAME3015\A1\Solution\InitializeDirect3D\Game.cpp(135,2): error C3861: 'DrawRenderItems': identifier not found
C:\Users\fangi\Documents\GitHub\GAME3015\A1\Solution\InitializeDirect3D\Game.cpp(138,58): error C3861: 'CurrentBackBuffer': identifier not found
C:\Users\fangi\Documents\GitHub\GAME3015\A1\Solution\InitializeDirect3D\Game.cpp(140,2): error C2065: 'mCommandList': undeclared identifier
C:\Users\fangi\Documents\GitHub\GAME3015\A1\Solution\InitializeDirect3D\Game.cpp(143,2): error C2065: 'mCommandList': undeclared identifier
C:\Users\fangi\Documents\GitHub\GAME3015\A1\Solution\InitializeDirect3D\Game.cpp(146,37): error C2065: 'mCommandList': undeclared identifier
C:\Users\fangi\Documents\GitHub\GAME3015\A1\Solution\InitializeDirect3D\Game.cpp(147,2): error C2065: 'mCommandQueue': undeclared identifier
C:\Users\fangi\Documents\GitHub\GAME3015\A1\Solution\InitializeDirect3D\Game.cpp(147,37): error C2672: '__countof_helper': no matching overloaded function found
      C:\Program Files\Microsoft Visual Studio\2022\Community\VC\Tools\MSVC\14.44.35207\include\vcruntime.h(248,16):
      could be 'char (*__countof_helper(__unaligned _CountofType (&)[_SizeOfArray]))[_SizeOfArray]'
          C:\Users\fangi\Documents\GitHub\GAME3015\A1\Solution\InitializeDirect3D\Game.cpp(147,37):
          Failed to specialize function template 'char (*__countof_helper(__unaligned _CountofType (&)[_SizeOfArray]))[_SizeOfArray]'
              C:\Users\fangi\Documents\GitHub\GAME3015\A1\Solution\InitializeDirect3D\Game.cpp(147,37):
              With the following template arguments:
                  C:\Users\fangi\Documents\GitHub\GAME3015\A1\Solution\InitializeDirect3D\Game.cpp(147,37):
                  '_CountofType=ID3D12CommandList *'
                  C:\Users\fangi\Documents\GitHub\GAME3015\A1\Solution\InitializeDirect3D\Game.cpp(147,37):
                  '_SizeOfArray=0'
              C:\Users\fangi\Documents\GitHub\GAME3015\A1\Solution\InitializeDirect3D\Game.cpp(147,37):
              cannot allocate an array of constant size 0
  
C:\Users\fangi\Documents\GitHub\GAME3015\A1\Solution\InitializeDirect3D\Game.cpp(150,2): error C2065: 'mSwapChain': undeclared identifier
C:\Users\fangi\Documents\GitHub\GAME3015\A1\Solution\InitializeDirect3D\Game.cpp(151,2): error C2065: 'mCurrBackBuffer': undeclared identifier
C:\Users\fangi\Documents\GitHub\GAME3015\A1\Solution\InitializeDirect3D\Game.cpp(151,21): error C2065: 'mCurrBackBuffer': undeclared identifier
C:\Users\fangi\Documents\GitHub\GAME3015\A1\Solution\InitializeDirect3D\Game.cpp(151,44): error C2065: 'SwapChainBufferCount': undeclared identifier
C:\Users\fangi\Documents\GitHub\GAME3015\A1\Solution\InitializeDirect3D\Game.cpp(154,2): error C2065: 'mCurrFrameResource': undeclared identifier
C:\Users\fangi\Documents\GitHub\GAME3015\A1\Solution\InitializeDirect3D\Game.cpp(154,32): error C2065: 'mCurrentFence': undeclared identifier
C:\Users\fangi\Documents\GitHub\GAME3015\A1\Solution\InitializeDirect3D\Game.cpp(159,2): error C2065: 'mCommandQueue': undeclared identifier
C:\Users\fangi\Documents\GitHub\GAME3015\A1\Solution\InitializeDirect3D\Game.cpp(159,24): error C2065: 'mFence': undeclared identifier
C:\Users\fangi\Documents\GitHub\GAME3015\A1\Solution\InitializeDirect3D\Game.cpp(159,38): error C2065: 'mCurrentFence': undeclared identifier
C:\Users\fangi\Documents\GitHub\GAME3015\A1\Solution\InitializeDirect3D\Game.cpp(162,12): error C2027: use of undefined type 'Game'
      C:\Users\fangi\Documents\GitHub\GAME3015\A1\Solution\InitializeDirect3D\Game.hpp(3,7):
      see declaration of 'Game'
  
C:\Users\fangi\Documents\GitHub\GAME3015\A1\Solution\InitializeDirect3D\Game.cpp(164,2): error C2065: 'mLastMousePos': undeclared identifier
C:\Users\fangi\Documents\GitHub\GAME3015\A1\Solution\InitializeDirect3D\Game.cpp(165,2): error C2065: 'mLastMousePos': undeclared identifier
C:\Users\fangi\Documents\GitHub\GAME3015\A1\Solution\InitializeDirect3D\Game.cpp(167,13): error C2065: 'mhMainWnd': undeclared identifier
C:\Users\fangi\Documents\GitHub\GAME3015\A1\Solution\InitializeDirect3D\Game.cpp(167,13): error C1003: error count exceeds 100; stopping compilation
  Player.cpp
C:\Users\fangi\Documents\GitHub\GAME3015\A1\Solution\InitializeDirect3D\Game.hpp(89,8): error C3646: 'mWorld': unknown override specifier
  (compiling source file 'Player.cpp')
  
C:\Users\fangi\Documents\GitHub\GAME3015\A1\Solution\InitializeDirect3D\Game.hpp(89,2): error C4430: missing type specifier - int assumed. Note: C++ does not support default-int
  (compiling source file 'Player.cpp')
  
C:\Users\fangi\Documents\GitHub\GAME3015\A1\Solution\InitializeDirect3D\Game.hpp(3,7): error C2011: 'Game': 'class' type redefinition
  (compiling source file 'Player.cpp')
      C:\Users\fangi\Documents\GitHub\GAME3015\A1\Solution\InitializeDirect3D\Game.hpp(3,7):
      see declaration of 'Game'
  
C:\Users\fangi\Documents\GitHub\GAME3015\A1\Solution\InitializeDirect3D\Player.cpp(17,25): error C2027: use of undefined type 'Game'
      C:\Users\fangi\Documents\GitHub\GAME3015\A1\Solution\InitializeDirect3D\Game.hpp(3,7):
      see declaration of 'Game'
  
C:\Users\fangi\Documents\GitHub\GAME3015\A1\Solution\InitializeDirect3D\Player.cpp(18,18): error C2027: use of undefined type 'Game'
      C:\Users\fangi\Documents\GitHub\GAME3015\A1\Solution\InitializeDirect3D\Game.hpp(3,7):
      see declaration of 'Game'
  
C:\Users\fangi\Documents\GitHub\GAME3015\A1\Solution\InitializeDirect3D\Player.cpp(19,18): error C2027: use of undefined type 'Game'
      C:\Users\fangi\Documents\GitHub\GAME3015\A1\Solution\InitializeDirect3D\Game.hpp(3,7):
      see declaration of 'Game'
  
C:\Users\fangi\Documents\GitHub\GAME3015\A1\Solution\InitializeDirect3D\Player.cpp(25,2): error C2027: use of undefined type 'Game'
      C:\Users\fangi\Documents\GitHub\GAME3015\A1\Solution\InitializeDirect3D\Game.hpp(3,7):
      see declaration of 'Game'
  
  SceneNode.cpp
C:\Users\fangi\Documents\GitHub\GAME3015\A1\Solution\InitializeDirect3D\Game.hpp(89,8): error C3646: 'mWorld': unknown override specifier
  (compiling source file 'SceneNode.cpp')
  
C:\Users\fangi\Documents\GitHub\GAME3015\A1\Solution\InitializeDirect3D\Game.hpp(89,2): error C4430: missing type specifier - int assumed. Note: C++ does not support default-int
  (compiling source file 'SceneNode.cpp')
  
C:\Users\fangi\Documents\GitHub\GAME3015\A1\Solution\InitializeDirect3D\Game.hpp(3,7): error C2011: 'Game': 'class' type redefinition
  (compiling source file 'SceneNode.cpp')
      C:\Users\fangi\Documents\GitHub\GAME3015\A1\Solution\InitializeDirect3D\Game.hpp(3,7):
      see declaration of 'Game'
  
  Sprite.cpp
C:\Users\fangi\Documents\GitHub\GAME3015\A1\Solution\InitializeDirect3D\Game.hpp(89,8): error C3646: 'mWorld': unknown override specifier
  (compiling source file 'Sprite.cpp')
  
C:\Users\fangi\Documents\GitHub\GAME3015\A1\Solution\InitializeDirect3D\Game.hpp(89,2): error C4430: missing type specifier - int assumed. Note: C++ does not support default-int
  (compiling source file 'Sprite.cpp')
  
C:\Users\fangi\Documents\GitHub\GAME3015\A1\Solution\InitializeDirect3D\Game.hpp(3,7): error C2011: 'Game': 'class' type redefinition
  (compiling source file 'Sprite.cpp')
      C:\Users\fangi\Documents\GitHub\GAME3015\A1\Solution\InitializeDirect3D\Game.hpp(3,7):
      see declaration of 'Game'
  
C:\Users\fangi\Documents\GitHub\GAME3015\A1\Solution\InitializeDirect3D\Sprite.cpp(20,25): error C2027: use of undefined type 'Game'
      C:\Users\fangi\Documents\GitHub\GAME3015\A1\Solution\InitializeDirect3D\Game.hpp(3,7):
      see declaration of 'Game'
  
C:\Users\fangi\Documents\GitHub\GAME3015\A1\Solution\InitializeDirect3D\Sprite.cpp(21,18): error C2027: use of undefined type 'Game'
      C:\Users\fangi\Documents\GitHub\GAME3015\A1\Solution\InitializeDirect3D\Game.hpp(3,7):
      see declaration of 'Game'
  
C:\Users\fangi\Documents\GitHub\GAME3015\A1\Solution\InitializeDirect3D\Sprite.cpp(22,18): error C2027: use of undefined type 'Game'
      C:\Users\fangi\Documents\GitHub\GAME3015\A1\Solution\InitializeDirect3D\Game.hpp(3,7):
      see declaration of 'Game'
  
C:\Users\fangi\Documents\GitHub\GAME3015\A1\Solution\InitializeDirect3D\Sprite.cpp(28,2): error C2027: use of undefined type 'Game'
      C:\Users\fangi\Documents\GitHub\GAME3015\A1\Solution\InitializeDirect3D\Game.hpp(3,7):
      see declaration of 'Game'
  
  World.cpp
C:\Users\fangi\Documents\GitHub\GAME3015\A1\Solution\InitializeDirect3D\Game.hpp(89,8): error C3646: 'mWorld': unknown override specifier
  (compiling source file 'World.cpp')
  
C:\Users\fangi\Documents\GitHub\GAME3015\A1\Solution\InitializeDirect3D\Game.hpp(89,2): error C4430: missing type specifier - int assumed. Note: C++ does not support default-int
  (compiling source file 'World.cpp')
  
C:\Users\fangi\Documents\GitHub\GAME3015\A1\Solution\InitializeDirect3D\World.cpp(28,26): warning C4305: 'argument': truncation from 'double' to 'float'
  Generating Code...
