c:\users\fangi\documents\github\game3015\a1\solution\initializedirect3d\x64\debug\vc143.pdb
c:\users\fangi\documents\github\game3015\a1\solution\initializedirect3d\x64\debug\vc143.idb
c:\users\fangi\documents\github\game3015\a1\solution\initializedirect3d\x64\debug\sprite.obj
c:\users\fangi\documents\github\game3015\a1\solution\initializedirect3d\x64\debug\scenenode.obj
c:\users\fangi\documents\github\game3015\a1\solution\initializedirect3d\x64\debug\player.obj
c:\users\fangi\documents\github\game3015\a1\solution\initializedirect3d\x64\debug\game.obj
c:\users\fangi\documents\github\game3015\a1\solution\initializedirect3d\x64\debug\frameresource.obj
c:\users\fangi\documents\github\game3015\a1\solution\initializedirect3d\x64\debug\entity.obj
c:\users\fangi\documents\github\game3015\a1\solution\initializedirect3d\x64\debug\enemy.obj
c:\users\fangi\documents\github\game3015\a1\solution\initializedirect3d\x64\debug\mathhelper.obj
c:\users\fangi\documents\github\game3015\a1\solution\initializedirect3d\x64\debug\geometrygenerator.obj
c:\users\fangi\documents\github\game3015\a1\solution\initializedirect3d\x64\debug\gametimer.obj
c:\users\fangi\documents\github\game3015\a1\solution\initializedirect3d\x64\debug\ddstextureloader.obj
c:\users\fangi\documents\github\game3015\a1\solution\initializedirect3d\x64\debug\d3dutil.obj
c:\users\fangi\documents\github\game3015\a1\solution\initializedirect3d\x64\debug\d3dapp.obj
c:\users\fangi\documents\github\game3015\a1\solution\initializedirect3d\x64\debug\camera.obj
c:\users\fangi\documents\github\game3015\a1\solution\initializedirect3d\x64\debug\world.obj
c:\users\fangi\documents\github\game3015\a1\solution\x64\debug\initializedirect3d.pdb
c:\users\fangi\documents\github\game3015\a1\solution\initializedirect3d\x64\debug\initiali.83d3c7a0.tlog\cl.command.1.tlog
c:\users\fangi\documents\github\game3015\a1\solution\initializedirect3d\x64\debug\initiali.83d3c7a0.tlog\cl.read.1.tlog
c:\users\fangi\documents\github\game3015\a1\solution\initializedirect3d\x64\debug\initiali.83d3c7a0.tlog\cl.write.1.tlog
c:\users\fangi\documents\github\game3015\a1\solution\initializedirect3d\x64\debug\initiali.83d3c7a0.tlog\link-cvtres.read.1.tlog
c:\users\fangi\documents\github\game3015\a1\solution\initializedirect3d\x64\debug\initiali.83d3c7a0.tlog\link-cvtres.write.1.tlog
c:\users\fangi\documents\github\game3015\a1\solution\initializedirect3d\x64\debug\initiali.83d3c7a0.tlog\link-rc.read.1.tlog
c:\users\fangi\documents\github\game3015\a1\solution\initializedirect3d\x64\debug\initiali.83d3c7a0.tlog\link-rc.write.1.tlog
c:\users\fangi\documents\github\game3015\a1\solution\initializedirect3d\x64\debug\initiali.83d3c7a0.tlog\link.command.1.tlog
c:\users\fangi\documents\github\game3015\a1\solution\initializedirect3d\x64\debug\initiali.83d3c7a0.tlog\link.read.1.tlog
c:\users\fangi\documents\github\game3015\a1\solution\initializedirect3d\x64\debug\initiali.83d3c7a0.tlog\link.read.2.tlog
c:\users\fangi\documents\github\game3015\a1\solution\initializedirect3d\x64\debug\initiali.83d3c7a0.tlog\link.read.3.tlog
c:\users\fangi\documents\github\game3015\a1\solution\initializedirect3d\x64\debug\initiali.83d3c7a0.tlog\link.read.4.tlog
c:\users\fangi\documents\github\game3015\a1\solution\initializedirect3d\x64\debug\initiali.83d3c7a0.tlog\link.read.5.tlog
c:\users\fangi\documents\github\game3015\a1\solution\initializedirect3d\x64\debug\initiali.83d3c7a0.tlog\link.write.1.tlog
